<?xml version="1.0" encoding="UTF-8" standalone="no"?>
<!DOCTYPE report PUBLIC "-//JACOCO//DTD Report 1.1//EN" "report.dtd"[]>
<report name="Pester (08/02/2026 17:00:17)">
  <sessioninfo id="this" start="1785690016937" dump="1785690017791" />
  <package name="public">
    <class name="public/ConvertTo-CasingStyle" sourcefilename="ConvertTo-CasingStyle.ps1">
      <method name="ConvertTo-CasingStyle" desc="()" line="64">
        <counter type="INSTRUCTION" missed="0" covered="32" />
        <counter type="LINE" missed="0" covered="13" />
        <counter type="METHOD" missed="0" covered="1" />
      </method>
      <counter type="INSTRUCTION" missed="0" covered="32" />
      <counter type="LINE" missed="0" covered="13" />
      <counter type="METHOD" missed="0" covered="1" />
      <counter type="CLASS" missed="0" covered="1" />
    </class>
    <class name="public/Get-CasingStyle" sourcefilename="Get-CasingStyle.ps1">
      <method name="Get-CasingStyle" desc="()" line="83">
        <counter type="INSTRUCTION" missed="0" covered="23" />
        <counter type="LINE" missed="0" covered="23" />
        <counter type="METHOD" missed="0" covered="1" />
      </method>
      <counter type="INSTRUCTION" missed="0" covered="23" />
      <counter type="LINE" missed="0" covered="23" />
      <counter type="METHOD" missed="0" covered="1" />
      <counter type="CLASS" missed="0" covered="1" />
    </class>
    <class name="public/Split-CasingStyle" sourcefilename="Split-CasingStyle.ps1">
      <method name="Split-CasingStyle" desc="()" line="107">
        <counter type="INSTRUCTION" missed="0" covered="38" />
        <counter type="LINE" missed="0" covered="24" />
        <counter type="METHOD" missed="0" covered="1" />
      </method>
      <counter type="INSTRUCTION" missed="0" covered="38" />
      <counter type="LINE" missed="0" covered="24" />
      <counter type="METHOD" missed="0" covered="1" />
      <counter type="CLASS" missed="0" covered="1" />
    </class>
    <sourcefile name="ConvertTo-CasingStyle.ps1">
      <line nr="64" mi="0" ci="1" mb="0" cb="0" />
      <line nr="66" mi="0" ci="1" mb="0" cb="0" />
      <line nr="69" mi="0" ci="1" mb="0" cb="0" />
      <line nr="70" mi="0" ci="2" mb="0" cb="0" />
      <line nr="71" mi="0" ci="2" mb="0" cb="0" />
      <line nr="72" mi="0" ci="4" mb="0" cb="0" />
      <line nr="73" mi="0" ci="3" mb="0" cb="0" />
      <line nr="74" mi="0" ci="2" mb="0" cb="0" />
      <line nr="75" mi="0" ci="2" mb="0" cb="0" />
      <line nr="76" mi="0" ci="4" mb="0" cb="0" />
      <line nr="78" mi="0" ci="6" mb="0" cb="0" />
      <line nr="80" mi="0" ci="2" mb="0" cb="0" />
      <line nr="81" mi="0" ci="2" mb="0" cb="0" />
      <counter type="INSTRUCTION" missed="0" covered="32" />
      <counter type="LINE" missed="0" covered="13" />
      <counter type="METHOD" missed="0" covered="1" />
      <counter type="CLASS" missed="0" covered="1" />
    </sourcefile>
    <sourcefile name="Get-CasingStyle.ps1">
      <line nr="83" mi="0" ci="1" mb="0" cb="0" />
      <line nr="84" mi="0" ci="1" mb="0" cb="0" />
      <line nr="85" mi="0" ci="1" mb="0" cb="0" />
      <line nr="86" mi="0" ci="1" mb="0" cb="0" />
      <line nr="87" mi="0" ci="1" mb="0" cb="0" />
      <line nr="88" mi="0" ci="1" mb="0" cb="0" />
      <line nr="89" mi="0" ci="1" mb="0" cb="0" />
      <line nr="90" mi="0" ci="1" mb="0" cb="0" />
      <line nr="91" mi="0" ci="1" mb="0" cb="0" />
      <line nr="92" mi="0" ci="1" mb="0" cb="0" />
      <line nr="93" mi="0" ci="1" mb="0" cb="0" />
      <line nr="94" mi="0" ci="1" mb="0" cb="0" />
      <line nr="95" mi="0" ci="1" mb="0" cb="0" />
      <line nr="96" mi="0" ci="1" mb="0" cb="0" />
      <line nr="97" mi="0" ci="1" mb="0" cb="0" />
      <line nr="98" mi="0" ci="1" mb="0" cb="0" />
      <line nr="99" mi="0" ci="1" mb="0" cb="0" />
      <line nr="100" mi="0" ci="1" mb="0" cb="0" />
      <line nr="101" mi="0" ci="1" mb="0" cb="0" />
      <line nr="102" mi="0" ci="1" mb="0" cb="0" />
      <line nr="104" mi="0" ci="1" mb="0" cb="0" />
      <line nr="107" mi="0" ci="1" mb="0" cb="0" />
      <line nr="108" mi="0" ci="1" mb="0" cb="0" />
      <counter type="INSTRUCTION" missed="0" covered="23" />
      <counter type="LINE" missed="0" covered="23" />
      <counter type="METHOD" missed="0" covered="1" />
      <counter type="CLASS" missed="0" covered="1" />
    </sourcefile>
    <sourcefile name="Split-CasingStyle.ps1">
      <line nr="107" mi="0" ci="1" mb="0" cb="0" />
      <line nr="109" mi="0" ci="2" mb="0" cb="0" />
      <line nr="112" mi="0" ci="1" mb="0" cb="0" />
      <line nr="113" mi="0" ci="1" mb="0" cb="0" />
      <line nr="114" mi="0" ci="1" mb="0" cb="0" />
      <line nr="115" mi="0" ci="1" mb="0" cb="0" />
      <line nr="116" mi="0" ci="1" mb="0" cb="0" />
      <line nr="119" mi="0" ci="1" mb="0" cb="0" />
      <line nr="120" mi="0" ci="1" mb="0" cb="0" />
      <line nr="121" mi="0" ci="4" mb="0" cb="0" />
      <line nr="123" mi="0" ci="1" mb="0" cb="0" />
      <line nr="129" mi="0" ci="1" mb="0" cb="0" />
      <line nr="130" mi="0" ci="1" mb="0" cb="0" />
      <line nr="131" mi="0" ci="4" mb="0" cb="0" />
      <line nr="133" mi="0" ci="1" mb="0" cb="0" />
      <line nr="138" mi="0" ci="2" mb="0" cb="0" />
      <line nr="142" mi="0" ci="2" mb="0" cb="0" />
      <line nr="146" mi="0" ci="2" mb="0" cb="0" />
      <line nr="150" mi="0" ci="2" mb="0" cb="0" />
      <line nr="155" mi="0" ci="2" mb="0" cb="0" />
      <line nr="161" mi="0" ci="1" mb="0" cb="0" />
      <line nr="162" mi="0" ci="2" mb="0" cb="0" />
      <line nr="164" mi="0" ci="2" mb="0" cb="0" />
      <line nr="165" mi="0" ci="1" mb="0" cb="0" />
      <counter type="INSTRUCTION" missed="0" covered="38" />
      <counter type="LINE" missed="0" covered="24" />
      <counter type="METHOD" missed="0" covered="1" />
      <counter type="CLASS" missed="0" covered="1" />
    </sourcefile>
    <counter type="INSTRUCTION" missed="0" covered="93" />
    <counter type="LINE" missed="0" covered="60" />
    <counter type="METHOD" missed="0" covered="3" />
    <counter type="CLASS" missed="0" covered="3" />
  </package>
  <counter type="INSTRUCTION" missed="0" covered="93" />
  <counter type="LINE" missed="0" covered="60" />
  <counter type="METHOD" missed="0" covered="3" />
  <counter type="CLASS" missed="0" covered="3" />
</report>
